[debug] [2021-03-10T03:09:44.233Z] ----------------------------------------------------------------------
[debug] [2021-03-10T03:09:44.235Z] Command:       C:\Program Files\nodejs\node.exe C:\Users\ASUS\AppData\Roaming\npm\node_modules\firebase-tools\lib\bin\firebase.js init
[debug] [2021-03-10T03:09:44.235Z] CLI Version:   9.6.0
[debug] [2021-03-10T03:09:44.235Z] Platform:      win32
[debug] [2021-03-10T03:09:44.235Z] Node Version:  v12.14.0
[debug] [2021-03-10T03:09:44.236Z] Time:          Tue Mar 09 2021 22:09:44 GMT-0500 (GMT-05:00)
[debug] [2021-03-10T03:09:44.236Z] ----------------------------------------------------------------------
[debug] [2021-03-10T03:09:44.236Z] 
[debug] [2021-03-10T03:09:44.238Z] >>> [apiv2][query] GET https://firebase-public.firebaseio.com/cli.json [none]
[debug] [2021-03-10T03:09:44.257Z] > command requires scopes: ["email","openid","https://www.googleapis.com/auth/cloudplatformprojects.readonly","https://www.googleapis.com/auth/firebase","https://www.googleapis.com/auth/cloud-platform"]
[debug] [2021-03-10T03:09:44.258Z] > authorizing via signed-in user
[info] 
     ######## #### ########  ######## ########     ###     ######  ########
     ##        ##  ##     ## ##       ##     ##  ##   ##  ##       ##
     ######    ##  ########  ######   ########  #########  ######  ######
     ##        ##  ##    ##  ##       ##     ## ##     ##       ## ##
     ##       #### ##     ## ######## ########  ##     ##  ######  ########

You're about to initialize a Firebase project in this directory:

  C:\Users\ASUS\Downloads\API

[debug] [2021-03-10T03:09:44.846Z] <<< [apiv2][status] GET https://firebase-public.firebaseio.com/cli.json 200
[debug] [2021-03-10T03:09:44.847Z] <<< [apiv2][body] GET https://firebase-public.firebaseio.com/cli.json {"cloudBuildErrorAfter":1594252800000,"cloudBuildWarnAfter":1590019200000,"defaultNode10After":1594252800000,"minVersion":"3.0.5","node8DeploysDisabledAfter":1613390400000,"node8RuntimeDisabledAfter":1615809600000,"node8WarnAfter":1600128000000}
